*-----------------------------------------------------------------*


Using Device 0: GPU NVIDIA A100-PCIE-40GB


*-----------------------------------------------------------------*

Spatio-temporal and block grids:
        ---> Grid dimension:           (NT, NX, NY, NZ) = (256, 64, 64, 1000)
        ---> CUDA Kernels dimension: (BLKT, BLKX, BLKY) = (16, 16, 16)
        ---> Full tensor size:                 NT*NX*NY = 1048576 = 2^(20)

*-----------------------------------------------------------------*

Initialize crystal MgOPPLN.
Crystal name = MgO:PPLN
        ---> Temp            = 27 ºC
        ---> lp              = 1.064 um
        ---> ls              = 1.45 um
        ---> li              = 3.99689 um
        ---> np              = 2.14883
        ---> ns              = 2.13414
        ---> ni              = 2.05162
        ---> vgp             = 136.058 um/ps
        ---> vgs             = 137.661 um/ps
        ---> vgi             = 134.322 um/ps
        ---> b2p             = 2.34563e-07 ps²/um
        ---> b2s             = 1.23455e-07 ps²/um
        ---> b2i             = -1.54172e-06 ps²/um
        ---> dQ              = 16.0428 pm/V
        ---> Λ               = 6.92 μm
        ---> αcp             = 2e-07 μm⁻¹
        ---> αcs             = 2.5e-06 μm⁻¹
        ---> αci             = 2.5e-06 μm⁻¹
        ---> dx              = 7.93651 μm
        ---> dy              = 7.93651 μm
        ---> dz              = 10.01 μm
        ---> Δk              = 0 μm⁻¹
        ---> Crystal length  = 10 mm

*-----------------------------------------------------------------*

Initialize Electric fields.
        ---> Set time and frequency vectors
        ---> Pump field mode: focused-pulsed
        ---> Setting Pump e-field with ξ = 0.218906
        ---> Pump Power: 1e+06 W
        ---> Beam waist: 60 μm
        ---> Focal position: 5 mm
        ---> FWHM: 0.2 ps

*-----------------------------------------------------------------*

Initialize Solver...
        ---> Running Solver: single-pass mode

        ---> Completed: 0 %
        ---> Completed: 10 %
        ---> Completed: 20 %
        ---> Completed: 30 %
        ---> Completed: 40 %
        ---> Completed: 50 %
        ---> Completed: 60 %
        ---> Completed: 70 %
        ---> Completed: 80 %
        ---> Completed: 90 %
        ---> Completed: 100 %
*-----------------------------------------------------------------*


Time elapsed 12.5259 seconds

 
*-----------------------------------------------------------------*
Solver finished.
Electric fields switched off.
MgOPPLN deleted
